 w-grid:         199   250.0000       700.0000    
 z-grid:          61  0.0000000E+00   50.00000    
 DATAE1/SUN/susim_hi.flx
 DATAE1/SUN/neckel.flx                   
 air temperature: USSA, 1976
 air density: USSA, 1976
     old sea level air column =  2.1518E+25 # cm-2  =  1014.94 mbar
     new sea level air column =  2.1518E+25 # cm-2  =  1014.94 mbar
     surface air column =  2.1518E+25 # cm-2  =  1014.94 mbar
  Photo-biological weigting functions in the database are
   1 UV-B, 280-315 nm                        
   2 UV-B*, 280-320 nm                       
   3 UV-A, 315-400 nm                        
   4 vis+, > 400 nm                          
   5 decay, 14 nm/10                         
   6 Setlow dna.new                          
   7 SCUP-m                                  
   8 SCUP-h                                  
   9 CIE hum erythema                        
  10 UV index                                
  11 ery.anders                              
  12 ACGIH 1992 TLVs                         
  13 RB Meter, model 501                     
  14 phytoplankton, Boucher et al. (1994)    
  15 Cullen, phaeo                           
  16 Cullen, proro                           

  Photolysis reactions in the database are
   1 O2 + hv -> O + O                        
   2 O3 -> O2 + O(1D)                        
   3 O3 -> O2 + O(3P)                        
   4 NO2 -> NO + O(3P)                       
   5 NO3 -> NO + O2                          
   6 NO3 -> NO2 + O(3P)                      
   7 N2O5 -> NO3 + NO + O(3P)                
   8 N2O5 -> NO3 + NO2                       
   9 N2O + hv -> N2 + O(1D)                  
  10 HO2 + hv -> OH + O                      
  11 H2O2 -> 2 OH                            
  12 HNO2 -> OH + NO                         
  13 HNO3 -> OH + NO2                        
  14 HNO4 -> HO2 + NO2                       
  15 CH2O -> H + HCO                         
  16 CH2O -> H2 + CO                         
  17 CH3CHO -> CH3 + HCO                     
  18 CH3CHO -> CH4 + CO                      
  19 CH3CHO -> CH3CO + H                     
  20 C2H5CHO -> C2H5 + HCO                   
  21 CHOCHO -> products                      
  22 CH3COCHO -> products                    
  23 CH3COCH3                                
  24 CH3OOH -> CH3O + OH                     
  25 CH3ONO2 -> CH3O+NO2                     
  26 PAN + hv -> products                    
  27 ClOO + hv -> Products                   
  28 ClONO2 + hv -> Cl + NO3                 
  29 ClONO2 + hv -> ClO + NO2                
  30 CH3Cl + hv -> Products                  
  31 CCl2O + hv -> Products                  
  32 CCl4 + hv -> Products                   
  33 CClFO + hv -> Products                  
  34 CF2O + hv -> Products                   
  35 CF2ClCFCl2 (CFC-113) + hv -> Products   
  36 CF2ClCF2Cl (CFC-114) + hv -> Products   
  37 CF3CF2Cl (CFC-115) + hv -> Products     
  38 CCl3F (CFC-11) + hv -> Products         
  39 CCl2F2 (CFC-12) + hv -> Products        
  40 CH3CCl3 + hv -> Products                
  41 CF3CHCl2 (HCFC-123) + hv -> Products    
  42 CF3CHFCl (HCFC-124) + hv -> Products    
  43 CH3CFCl2 (HCFC-141b) + hv -> Products   
  44 CH3CF2Cl (HCFC-142b) + hv -> Products   
  45 CF3CF2CHCl2 (HCFC-225ca) + hv -> Product
  46 CF2ClCF2CHFCl (HCFC-225cb) + hv -> Produ
  47 CHClF2 (HCFC-22) + hv -> Products       
  48 BrONO2 + hv -> Br + NO3                 
  49 BrONO2 + hv -> BrO + NO2                
  50 CH3Br + hv -> Products                  
  51 CHBr3                                   
  52 CF3Br (Halon-1301) + hv -> Products     
  53 CF2BrCF2Br (Halon-2402) + hv -> Products
  54 CF2Br2 (Halon-1202) + hv -> Products    
  55 CF2BrCl (Halon-1211) + hv -> Products   
  56 ISPD + hv -> products                   
  57 SAPRC97: ACET-93C.PHF                   
  58 SAPRC97: ACROLEIN.PHF                   
  59 SAPRC97: AFG1.PHF                       
  60 SAPRC97: AFG2.PHF                       
  61 SAPRC97: BZCHO.PHF                      
  62 SAPRC97: CCHOR.PHF                      
  63 SAPRC97: CO2H.PHF                       
  64 SAPRC97: GLYOXAL1.PHF                   
  65 SAPRC97: GLYOXAL2.PHF                   
  66 SAPRC97: H2O2.PHF                       
  67 SAPRC97: HCHONEWM.PHF                   
  68 SAPRC97: HCHONEWR.PHF                   
  69 SAPRC97: HONO.PHF                       
  70 SAPRC97: ISPD.PHF                       
  71 SAPRC97: KETONE.PHF                     
  72 SAPRC97: MEGLYOX1.PHF                   
  73 SAPRC97: MEGLYOX2.PHF                   
  74 SAPRC97: NO2.PHF                        
  75 SAPRC97: NO3NO.PHF                      
  76 SAPRC97: NO3NO2.PHF                     
  77 SAPRC97: O3O1D.PHF                      
  78 SAPRC97: O3O3P.PHF                      
  79 SAPRC97: RCHO.PHF                       
  80 SAPRC99: ACETONE.PHF                    
  81 SAPRC99: ACROLEIN.PHF                   
  82 SAPRC99: BACL_ADJ.PHF                   
  83 SAPRC99: BZCHO.PHF                      
  84 SAPRC99: C2CHO.PHF                      
  85 SAPRC99: CCHO_R.PHF                     
  86 SAPRC99: COOH.PHF                       
  87 SAPRC99: GLY_ABS.PHF                    
  88 SAPRC99: GLY_R.PHF                      
  89 SAPRC99: H2O2.PHF                       
  90 SAPRC99: HCHO_M.PHF                     
  91 SAPRC99: HCHO_R.PHF                     
  92 SAPRC99: HNO3.PHF                       
  93 SAPRC99: HO2NO2.PHF                     
  94 SAPRC99: HONO-NO.PHF                    
  95 SAPRC99: HONO-NO2.PHF                   
  96 SAPRC99: IC3ONO2.PHF                    
  97 SAPRC99: KETONE.PHF                     
  98 SAPRC99: MGLY_ABS.PHF                   
  99 SAPRC99: MGLY_ADJ.PHF                   
 100 SAPRC99: NO2.PHF                        
 101 SAPRC99: NO3NO.PHF                      
 102 SAPRC99: NO3NO2.PHF                     
 103 SAPRC99: O3O1D.PHF                      
 104 SAPRC99: O3O3P.PHF                      
 105 SAPRC99: ISPD.PHF                       
 106 CHLORINE: Cl2.txt                       
 107 CHLORINE: HOCl.txt                      
 108 CHLORINE: HCOCl.txt                     
 109 CB_2002: Acro.cqy                       
 110 CB_2002: H2o2.cqy                       
 111 CB_2002: Hono_no2.cqy                   
 112 CB_2002: No2.cqy                        
 113 CB_2002: No3no.cqy                      
 114 CB_2002: O3o3p.cqy                      
 115 CB_2002: Ccho.cqy                       
 116 CB_2002: Hchos.cqy                      
 117 CB_2002: Hchor.cqy                      
 118 CB_2002: Hono_no.cqy                    
 119 CB_2002: No3no2.cqy                     
 120 CB_2002: O3o1d.cqy                      
 121 IUPAC04: O3_O1D.phf                     
 122 IUPAC04: O3_O3P.phf                     
 123 IUPAC04: HCHO_H.phf                     
 124 IUPAC04: HCHO_H2.phf                    
 125 IUPAC04: HONO.phf                       
 126 IUPAC04: HO2NO2.phf                     
 127 IUPAC04: HNO3.phf                       
 128 IUPAC04: N2O5.phf                       
 129 IUPAC04: NTR.phf                        
 130 IUPAC04: PAN.phf                        
 131 IUPAC04: MGLY.phf                       
  The following reactions will be written to the CAMx file
 100 SAPRC99: NO2.PHF                        
 122 IUPAC04: O3_O3P.phf                     
 121 IUPAC04: O3_O1D.phf                     
 102 SAPRC99: NO3NO2.PHF                     
 101 SAPRC99: NO3NO.PHF                      
 125 IUPAC04: HONO.phf                       
  89 SAPRC99: H2O2.PHF                       
 126 IUPAC04: HO2NO2.phf                     
 127 IUPAC04: HNO3.phf                       
 128 IUPAC04: N2O5.phf                       
 129 IUPAC04: NTR.phf                        
  86 SAPRC99: COOH.PHF                       
  91 SAPRC99: HCHO_R.PHF                     
  90 SAPRC99: HCHO_M.PHF                     
  85 SAPRC99: CCHO_R.PHF                     
 130 IUPAC04: PAN.phf                        
  84 SAPRC99: C2CHO.PHF                      
 131 IUPAC04: MGLY.phf                       
  70 SAPRC97: ISPD.PHF                       
 ozone profile: USSA, 1976
     old O3 Column =  9.3993E+18 # cm-2  =   349.81  Dobson Units 
     new O3 Column =  7.4967E+18 # cm-2  =   279.00  Dobson Units 
 SO2:  1 ppb in lowest 1 km, 0 above
     old SO2 Column =  2.6900E+15 # cm-2  =     0.10  Dobson Units 
     new SO2 Column =  2.6870E+09 # cm-2  =     0.00  Dobson Units 
 NO2:  1 ppb in lowest 1 km, 0 above
     old NO2 Column =  2.6900E+15 # cm-2  =     0.10  Dobson Units 
     new NO2 Column =  2.6870E+09 # cm-2  =     0.00  Dobson Units 
 Cloud:            4levels, tot opt. dep. =   0.0000000E+00
 aerosols:  Elterman (1968)
   Total aerosol od at 340 nm =   4.7002647E-02
 idate =       970805 esfact =   0.9712288    
 idate =       970805 esfact =   0.9712288    
 idate =       970805 esfact =   0.9712288    
 idate =       970805 esfact =   0.9712288    
 idate =       970805 esfact =   0.9712288    
 aerosols:  Elterman (1968)
   Total aerosol od at 340 nm =   9.4005294E-02
 idate =       970805 esfact =   0.9712288    
 idate =       970805 esfact =   0.9712288    
 idate =       970805 esfact =   0.9712288    
 idate =       970805 esfact =   0.9712288    
 idate =       970805 esfact =   0.9712288    
 aerosols:  Elterman (1968)
   Total aerosol od at 340 nm =   0.1880106    
 idate =       970805 esfact =   0.9712288    
 idate =       970805 esfact =   0.9712288    
 idate =       970805 esfact =   0.9712288    
 idate =       970805 esfact =   0.9712288    
 idate =       970805 esfact =   0.9712288    
 ozone profile: USSA, 1976
     old O3 Column =  9.3993E+18 # cm-2  =   349.81  Dobson Units 
     new O3 Column =  7.6042E+18 # cm-2  =   283.00  Dobson Units 
 SO2:  1 ppb in lowest 1 km, 0 above
     old SO2 Column =  2.6900E+15 # cm-2  =     0.10  Dobson Units 
     new SO2 Column =  2.6870E+09 # cm-2  =     0.00  Dobson Units 
 NO2:  1 ppb in lowest 1 km, 0 above
     old NO2 Column =  2.6900E+15 # cm-2  =     0.10  Dobson Units 
     new NO2 Column =  2.6870E+09 # cm-2  =     0.00  Dobson Units 
 Cloud:            4levels, tot opt. dep. =   0.0000000E+00
 aerosols:  Elterman (1968)
   Total aerosol od at 340 nm =   4.7002647E-02
 idate =       970805 esfact =   0.9712288    
 idate =       970805 esfact =   0.9712288    
 idate =       970805 esfact =   0.9712288    
 idate =       970805 esfact =   0.9712288    
 idate =       970805 esfact =   0.9712288    
 aerosols:  Elterman (1968)
   Total aerosol od at 340 nm =   9.4005294E-02
 idate =       970805 esfact =   0.9712288    
 idate =       970805 esfact =   0.9712288    
 idate =       970805 esfact =   0.9712288    
 idate =       970805 esfact =   0.9712288    
 idate =       970805 esfact =   0.9712288    
 aerosols:  Elterman (1968)
   Total aerosol od at 340 nm =   0.1880106    
 idate =       970805 esfact =   0.9712288    
 idate =       970805 esfact =   0.9712288    
 idate =       970805 esfact =   0.9712288    
 idate =       970805 esfact =   0.9712288    
 idate =       970805 esfact =   0.9712288    
 ozone profile: USSA, 1976
     old O3 Column =  9.3993E+18 # cm-2  =   349.81  Dobson Units 
     new O3 Column =  7.7117E+18 # cm-2  =   287.00  Dobson Units 
 SO2:  1 ppb in lowest 1 km, 0 above
     old SO2 Column =  2.6900E+15 # cm-2  =     0.10  Dobson Units 
     new SO2 Column =  2.6870E+09 # cm-2  =     0.00  Dobson Units 
 NO2:  1 ppb in lowest 1 km, 0 above
     old NO2 Column =  2.6900E+15 # cm-2  =     0.10  Dobson Units 
     new NO2 Column =  2.6870E+09 # cm-2  =     0.00  Dobson Units 
 Cloud:            4levels, tot opt. dep. =   0.0000000E+00
 aerosols:  Elterman (1968)
   Total aerosol od at 340 nm =   4.7002647E-02
 idate =       970805 esfact =   0.9712288    
 idate =       970805 esfact =   0.9712288    
 idate =       970805 esfact =   0.9712288    
 idate =       970805 esfact =   0.9712288    
 idate =       970805 esfact =   0.9712288    
 aerosols:  Elterman (1968)
   Total aerosol od at 340 nm =   9.4005294E-02
 idate =       970805 esfact =   0.9712288    
 idate =       970805 esfact =   0.9712288    
 idate =       970805 esfact =   0.9712288    
 idate =       970805 esfact =   0.9712288    
 idate =       970805 esfact =   0.9712288    
 aerosols:  Elterman (1968)
   Total aerosol od at 340 nm =   0.1880106    
 idate =       970805 esfact =   0.9712288    
 idate =       970805 esfact =   0.9712288    
 idate =       970805 esfact =   0.9712288    
 idate =       970805 esfact =   0.9712288    
 idate =       970805 esfact =   0.9712288    
 ozone profile: USSA, 1976
     old O3 Column =  9.3993E+18 # cm-2  =   349.81  Dobson Units 
     new O3 Column =  7.8192E+18 # cm-2  =   291.00  Dobson Units 
 SO2:  1 ppb in lowest 1 km, 0 above
     old SO2 Column =  2.6900E+15 # cm-2  =     0.10  Dobson Units 
     new SO2 Column =  2.6870E+09 # cm-2  =     0.00  Dobson Units 
 NO2:  1 ppb in lowest 1 km, 0 above
     old NO2 Column =  2.6900E+15 # cm-2  =     0.10  Dobson Units 
     new NO2 Column =  2.6870E+09 # cm-2  =     0.00  Dobson Units 
 Cloud:            4levels, tot opt. dep. =   0.0000000E+00
 aerosols:  Elterman (1968)
   Total aerosol od at 340 nm =   4.7002647E-02
 idate =       970805 esfact =   0.9712288    
 idate =       970805 esfact =   0.9712288    
 idate =       970805 esfact =   0.9712288    
 idate =       970805 esfact =   0.9712288    
 idate =       970805 esfact =   0.9712288    
 aerosols:  Elterman (1968)
   Total aerosol od at 340 nm =   9.4005294E-02
 idate =       970805 esfact =   0.9712288    
 idate =       970805 esfact =   0.9712288    
 idate =       970805 esfact =   0.9712288    
 idate =       970805 esfact =   0.9712288    
 idate =       970805 esfact =   0.9712288    
 aerosols:  Elterman (1968)
   Total aerosol od at 340 nm =   0.1880106    
 idate =       970805 esfact =   0.9712288    
 idate =       970805 esfact =   0.9712288    
 idate =       970805 esfact =   0.9712288    
 idate =       970805 esfact =   0.9712288    
 idate =       970805 esfact =   0.9712288    
 ozone profile: USSA, 1976
     old O3 Column =  9.3993E+18 # cm-2  =   349.81  Dobson Units 
     new O3 Column =  7.9266E+18 # cm-2  =   295.00  Dobson Units 
 SO2:  1 ppb in lowest 1 km, 0 above
     old SO2 Column =  2.6900E+15 # cm-2  =     0.10  Dobson Units 
     new SO2 Column =  2.6870E+09 # cm-2  =     0.00  Dobson Units 
 NO2:  1 ppb in lowest 1 km, 0 above
     old NO2 Column =  2.6900E+15 # cm-2  =     0.10  Dobson Units 
     new NO2 Column =  2.6870E+09 # cm-2  =     0.00  Dobson Units 
 Cloud:            4levels, tot opt. dep. =   0.0000000E+00
 aerosols:  Elterman (1968)
   Total aerosol od at 340 nm =   4.7002647E-02
 idate =       970805 esfact =   0.9712288    
 idate =       970805 esfact =   0.9712288    
 idate =       970805 esfact =   0.9712288    
 idate =       970805 esfact =   0.9712288    
 idate =       970805 esfact =   0.9712288    
 aerosols:  Elterman (1968)
   Total aerosol od at 340 nm =   9.4005294E-02
 idate =       970805 esfact =   0.9712288    
 idate =       970805 esfact =   0.9712288    
 idate =       970805 esfact =   0.9712288    
 idate =       970805 esfact =   0.9712288    
 idate =       970805 esfact =   0.9712288    
 aerosols:  Elterman (1968)
   Total aerosol od at 340 nm =   0.1880106    
 idate =       970805 esfact =   0.9712288    
 idate =       970805 esfact =   0.9712288    
 idate =       970805 esfact =   0.9712288    
 idate =       970805 esfact =   0.9712288    
 idate =       970805 esfact =   0.9712288    
